<?xml version="1.0" encoding="UTF-8"?>
<testng-results ignored="0" total="3" passed="3" failed="0" skipped="0">
  <reporter-output>
  </reporter-output>
  <suite started-at="2022-03-17T11:29:03 EDT" name="Default suite" finished-at="2022-03-17T11:29:03 EDT" duration-ms="36">
    <groups>
    </groups>
    <test started-at="2022-03-17T11:29:03 EDT" name="Default test" finished-at="2022-03-17T11:29:03 EDT" duration-ms="36">
      <class name="Jameson.NewTest">
        <test-method signature="Firstmethod()[pri:0, instance:Jameson.NewTest@56a6d5a6]" started-at="2022-03-17T11:29:03 EDT" name="Firstmethod" finished-at="2022-03-17T11:29:03 EDT" duration-ms="5" status="PASS">
          <reporter-output>
          </reporter-output>
        </test-method> <!-- Firstmethod -->
        <test-method signature="radiobutton()[pri:0, instance:Jameson.NewTest@56a6d5a6]" started-at="2022-03-17T11:29:03 EDT" name="radiobutton" finished-at="2022-03-17T11:29:03 EDT" duration-ms="0" status="PASS">
          <reporter-output>
          </reporter-output>
        </test-method> <!-- radiobutton -->
        <test-method signature="xcheckbox()[pri:0, instance:Jameson.NewTest@56a6d5a6]" started-at="2022-03-17T11:29:03 EDT" name="xcheckbox" finished-at="2022-03-17T11:29:03 EDT" duration-ms="1" status="PASS">
          <reporter-output>
          </reporter-output>
        </test-method> <!-- xcheckbox -->
      </class> <!-- Jameson.NewTest -->
    </test> <!-- Default test -->
  </suite> <!-- Default suite -->
</testng-results>
