<?xml version="1.0" encoding="UTF-8"?>
<!-- Generated by org.testng.reporters.JUnitXMLReporter -->
<testsuite ignored="0" hostname="HB11547" failures="0" tests="3" name="Default test" time="0.036" errors="0" timestamp="2022-03-17T11:29:03 EDT">
  <testcase classname="Jameson.NewTest" name="Firstmethod" time="0.005"/>
  <testcase classname="Jameson.NewTest" name="radiobutton" time="0.0"/>
  <testcase classname="Jameson.NewTest" name="xcheckbox" time="0.001"/>
</testsuite> <!-- Default test -->
